{"/Users/monica/Documents/GitHub/CuriousFacts/scripts/functionAddFavorite.js": {"path":"/Users/monica/Documents/GitHub/CuriousFacts/scripts/functionAddFavorite.js","statementMap":{"0":{"start":{"line":1,"column":26},"end":{"line":1,"column":28}},"1":{"start":{"line":4,"column":16},"end":{"line":4,"column":55}},"2":{"start":{"line":5,"column":2},"end":{"line":41,"column":3}},"3":{"start":{"line":6,"column":37},"end":{"line":6,"column":76}},"4":{"start":{"line":8,"column":4},"end":{"line":21,"column":5}},"5":{"start":{"line":9,"column":29},"end":{"line":9,"column":73}},"6":{"start":{"line":10,"column":24},"end":{"line":10,"column":63}},"7":{"start":{"line":11,"column":24},"end":{"line":11,"column":63}},"8":{"start":{"line":13,"column":6},"end":{"line":13,"column":137}},"9":{"start":{"line":14,"column":6},"end":{"line":14,"column":47}},"10":{"start":{"line":16,"column":6},"end":{"line":18,"column":9}},"11":{"start":{"line":17,"column":8},"end":{"line":17,"column":48}},"12":{"start":{"line":20,"column":6},"end":{"line":20,"column":13}},"13":{"start":{"line":23,"column":13},"end":{"line":23,"column":41}},"14":{"start":{"line":25,"column":16},"end":{"line":25,"column":45}},"15":{"start":{"line":26,"column":4},"end":{"line":26,"column":36}},"16":{"start":{"line":27,"column":4},"end":{"line":27,"column":34}},"17":{"start":{"line":28,"column":4},"end":{"line":28,"column":31}},"18":{"start":{"line":29,"column":4},"end":{"line":29,"column":41}},"19":{"start":{"line":31,"column":4},"end":{"line":31,"column":26}},"20":{"start":{"line":32,"column":4},"end":{"line":32,"column":53}},"21":{"start":{"line":34,"column":4},"end":{"line":34,"column":47}},"22":{"start":{"line":35,"column":4},"end":{"line":35,"column":38}},"23":{"start":{"line":37,"column":4},"end":{"line":40,"column":7}},"24":{"start":{"line":38,"column":6},"end":{"line":38,"column":18}},"25":{"start":{"line":39,"column":6},"end":{"line":39,"column":81}},"26":{"start":{"line":39,"column":63},"end":{"line":39,"column":79}},"27":{"start":{"line":44,"column":0},"end":{"line":44,"column":40}}},"fnMap":{"0":{"name":"addFavoriteMessage","decl":{"start":{"line":3,"column":9},"end":{"line":3,"column":27}},"loc":{"start":{"line":3,"column":35},"end":{"line":42,"column":1}},"line":3},"1":{"name":"(anonymous_1)","decl":{"start":{"line":16,"column":44},"end":{"line":16,"column":45}},"loc":{"start":{"line":16,"column":55},"end":{"line":18,"column":7}},"line":16},"2":{"name":"(anonymous_2)","decl":{"start":{"line":37,"column":36},"end":{"line":37,"column":37}},"loc":{"start":{"line":37,"column":47},"end":{"line":40,"column":5}},"line":37},"3":{"name":"(anonymous_3)","decl":{"start":{"line":39,"column":55},"end":{"line":39,"column":56}},"loc":{"start":{"line":39,"column":63},"end":{"line":39,"column":79}},"line":39}},"branchMap":{"0":{"loc":{"start":{"line":5,"column":2},"end":{"line":41,"column":3}},"type":"if","locations":[{"start":{"line":5,"column":2},"end":{"line":41,"column":3}},{"start":{},"end":{}}],"line":5},"1":{"loc":{"start":{"line":8,"column":4},"end":{"line":21,"column":5}},"type":"if","locations":[{"start":{"line":8,"column":4},"end":{"line":21,"column":5}},{"start":{},"end":{}}],"line":8}},"s":{"0":1,"1":8,"2":8,"3":8,"4":8,"5":0,"6":0,"7":0,"8":0,"9":0,"10":0,"11":0,"12":0,"13":8,"14":8,"15":8,"16":8,"17":8,"18":8,"19":8,"20":8,"21":8,"22":8,"23":8,"24":1,"25":1,"26":8,"27":1},"f":{"0":8,"1":0,"2":1,"3":8},"b":{"0":[8,0],"1":[0,8]},"_coverageSchema":"1a1c01bbd47fc00a2c39e90264f33305004495a9","hash":"f8b6db104b32a4425bf677ec6f398b0efd033f37"}
,"/Users/monica/Documents/GitHub/CuriousFacts/scripts/functionGetNewMessage.js": {"path":"/Users/monica/Documents/GitHub/CuriousFacts/scripts/functionGetNewMessage.js","statementMap":{"0":{"start":{"line":5,"column":2},"end":{"line":34,"column":7}},"1":{"start":{"line":6,"column":22},"end":{"line":6,"column":37}},"2":{"start":{"line":8,"column":27},"end":{"line":8,"column":69}},"3":{"start":{"line":9,"column":6},"end":{"line":12,"column":7}},"4":{"start":{"line":10,"column":8},"end":{"line":10,"column":80}},"5":{"start":{"line":11,"column":8},"end":{"line":11,"column":15}},"6":{"start":{"line":14,"column":6},"end":{"line":14,"column":45}},"7":{"start":{"line":15,"column":6},"end":{"line":15,"column":49}},"8":{"start":{"line":17,"column":22},"end":{"line":17,"column":51}},"9":{"start":{"line":18,"column":6},"end":{"line":18,"column":47}},"10":{"start":{"line":19,"column":6},"end":{"line":19,"column":81}},"11":{"start":{"line":20,"column":6},"end":{"line":20,"column":44}},"12":{"start":{"line":21,"column":6},"end":{"line":21,"column":47}},"13":{"start":{"line":23,"column":30},"end":{"line":23,"column":70}},"14":{"start":{"line":24,"column":6},"end":{"line":26,"column":7}},"15":{"start":{"line":25,"column":8},"end":{"line":25,"column":35}},"16":{"start":{"line":28,"column":6},"end":{"line":28,"column":44}},"17":{"start":{"line":29,"column":6},"end":{"line":29,"column":62}},"18":{"start":{"line":33,"column":6},"end":{"line":33,"column":59}},"19":{"start":{"line":37,"column":0},"end":{"line":37,"column":35}}},"fnMap":{"0":{"name":"getNewMessage","decl":{"start":{"line":2,"column":9},"end":{"line":2,"column":22}},"loc":{"start":{"line":2,"column":25},"end":{"line":35,"column":1}},"line":2},"1":{"name":"(anonymous_1)","decl":{"start":{"line":6,"column":10},"end":{"line":6,"column":11}},"loc":{"start":{"line":6,"column":22},"end":{"line":6,"column":37}},"line":6},"2":{"name":"(anonymous_2)","decl":{"start":{"line":7,"column":10},"end":{"line":7,"column":11}},"loc":{"start":{"line":7,"column":18},"end":{"line":30,"column":5}},"line":7},"3":{"name":"(anonymous_3)","decl":{"start":{"line":32,"column":11},"end":{"line":32,"column":12}},"loc":{"start":{"line":32,"column":20},"end":{"line":34,"column":5}},"line":32}},"branchMap":{"0":{"loc":{"start":{"line":9,"column":6},"end":{"line":12,"column":7}},"type":"if","locations":[{"start":{"line":9,"column":6},"end":{"line":12,"column":7}},{"start":{},"end":{}}],"line":9},"1":{"loc":{"start":{"line":24,"column":6},"end":{"line":26,"column":7}},"type":"if","locations":[{"start":{"line":24,"column":6},"end":{"line":26,"column":7}},{"start":{},"end":{}}],"line":24}},"s":{"0":1,"1":1,"2":1,"3":1,"4":0,"5":0,"6":1,"7":1,"8":1,"9":1,"10":1,"11":1,"12":1,"13":1,"14":1,"15":0,"16":1,"17":1,"18":1,"19":1},"f":{"0":1,"1":1,"2":1,"3":1},"b":{"0":[0,1],"1":[0,1]},"_coverageSchema":"1a1c01bbd47fc00a2c39e90264f33305004495a9","hash":"bbbf778b9e3d1ee95437cc7ddfdc014c18ef5c04"}
}
