TN:
SF:scripts/functionAddFavorite.js
FN:3,addFavoriteMessage
FN:16,(anonymous_1)
FN:37,(anonymous_2)
FN:39,(anonymous_3)
FNF:4
FNH:4
FNDA:10,addFavoriteMessage
FNDA:1,(anonymous_1)
FNDA:1,(anonymous_2)
FNDA:8,(anonymous_3)
DA:1,1
DA:4,10
DA:5,10
DA:6,10
DA:8,10
DA:9,1
DA:10,1
DA:11,1
DA:13,1
DA:14,1
DA:16,1
DA:17,1
DA:20,1
DA:23,9
DA:25,9
DA:26,9
DA:27,9
DA:28,9
DA:29,9
DA:31,9
DA:32,9
DA:34,9
DA:35,9
DA:37,9
DA:38,1
DA:39,8
DA:44,1
LF:27
LH:27
BRDA:5,0,0,10
BRDA:5,0,1,0
BRDA:8,1,0,1
BRDA:8,1,1,9
BRF:4
BRH:3
end_of_record
TN:
SF:scripts/functionGetNewMessage.js
FN:2,getNewMessage
FN:6,(anonymous_1)
FN:7,(anonymous_2)
FN:32,(anonymous_3)
FNF:4
FNH:4
FNDA:1,getNewMessage
FNDA:1,(anonymous_1)
FNDA:1,(anonymous_2)
FNDA:1,(anonymous_3)
DA:5,1
DA:6,1
DA:8,1
DA:9,1
DA:10,0
DA:11,0
DA:14,1
DA:15,1
DA:17,1
DA:18,1
DA:19,1
DA:20,1
DA:21,1
DA:23,1
DA:24,1
DA:25,0
DA:28,1
DA:29,1
DA:33,1
DA:37,1
LF:20
LH:17
BRDA:9,0,0,0
BRDA:9,0,1,1
BRDA:24,1,0,0
BRDA:24,1,1,1
BRF:4
BRH:2
end_of_record
