TN:
SF:scripts/functionAddFavorite.js
FN:3,addFavoriteMessage
FN:16,(anonymous_1)
FN:37,(anonymous_2)
FN:39,(anonymous_3)
FNF:4
FNH:3
FNDA:8,addFavoriteMessage
FNDA:0,(anonymous_1)
FNDA:1,(anonymous_2)
FNDA:8,(anonymous_3)
DA:1,1
DA:4,8
DA:5,8
DA:6,8
DA:8,8
DA:9,0
DA:10,0
DA:11,0
DA:13,0
DA:14,0
DA:16,0
DA:17,0
DA:20,0
DA:23,8
DA:25,8
DA:26,8
DA:27,8
DA:28,8
DA:29,8
DA:31,8
DA:32,8
DA:34,8
DA:35,8
DA:37,8
DA:38,1
DA:39,8
DA:44,1
LF:27
LH:19
BRDA:5,0,0,8
BRDA:5,0,1,0
BRDA:8,1,0,0
BRDA:8,1,1,8
BRF:4
BRH:2
end_of_record
TN:
SF:scripts/functionGetNewMessage.js
FN:2,getNewMessage
FN:6,(anonymous_1)
FN:7,(anonymous_2)
FN:32,(anonymous_3)
FNF:4
FNH:4
FNDA:1,getNewMessage
FNDA:1,(anonymous_1)
FNDA:1,(anonymous_2)
FNDA:1,(anonymous_3)
DA:5,1
DA:6,1
DA:8,1
DA:9,1
DA:10,0
DA:11,0
DA:14,1
DA:15,1
DA:17,1
DA:18,1
DA:19,1
DA:20,1
DA:21,1
DA:23,1
DA:24,1
DA:25,0
DA:28,1
DA:29,1
DA:33,1
DA:37,1
LF:20
LH:17
BRDA:9,0,0,0
BRDA:9,0,1,1
BRDA:24,1,0,0
BRDA:24,1,1,1
BRF:4
BRH:2
end_of_record
